[0.428s] DEBUG:colcon:Command line arguments: ['/usr/bin/colcon', 'build', '--symlink-install']
[0.428s] DEBUG:colcon:Parsed command line arguments: Namespace(log_base=None, log_level=None, verb_name='build', build_base='build', install_base='install', merge_install=False, symlink_install=True, test_result_base=None, continue_on_error=False, executor='parallel', parallel_workers=2, event_handlers=None, ignore_user_meta=False, metas=['./colcon.meta'], base_paths=['.'], packages_ignore=None, packages_ignore_regex=None, paths=None, packages_up_to=None, packages_up_to_regex=None, packages_above=None, packages_above_and_dependencies=None, packages_above_depth=None, packages_select_by_dep=None, packages_skip_by_dep=None, packages_skip_up_to=None, packages_select_build_failed=False, packages_skip_build_finished=False, packages_select_test_failures=False, packages_skip_test_passed=False, packages_select=None, packages_skip=None, packages_select_regex=None, packages_skip_regex=None, packages_start=None, packages_end=None, allow_overriding=[], cmake_args=None, cmake_target=None, cmake_target_skip_unavailable=False, cmake_clean_cache=False, cmake_clean_first=False, cmake_force_configure=False, ament_cmake_args=None, catkin_cmake_args=None, catkin_skip_building_tests=False, mixin_files=None, mixin=None, verb_parser=<colcon_mixin.mixin.mixin_argument.MixinArgumentDecorator object at 0x79f267d0e020>, verb_extension=<colcon_core.verb.build.BuildVerb object at 0x79f267e72fe0>, main=<bound method BuildVerb.main of <colcon_core.verb.build.BuildVerb object at 0x79f267e72fe0>>, mixin_verb=('build',))
[0.794s] Level 1:colcon.colcon_core.package_discovery:discover_packages(colcon_meta) check parameters
[0.794s] Level 1:colcon.colcon_core.package_discovery:discover_packages(recursive) check parameters
[0.794s] Level 1:colcon.colcon_core.package_discovery:discover_packages(ignore) check parameters
[0.795s] Level 1:colcon.colcon_core.package_discovery:discover_packages(path) check parameters
[0.795s] Level 1:colcon.colcon_core.package_discovery:discover_packages(colcon_meta) discover
[0.795s] Level 1:colcon.colcon_core.package_discovery:discover_packages(recursive) discover
[0.795s] INFO:colcon.colcon_core.package_discovery:Crawling recursively for packages in '/home/rodrigo/dev_ws/src/mobile_table'
[0.795s] Level 1:colcon.colcon_core.package_identification:_identify(.) by extensions ['ignore', 'ignore_ament_install']
[0.795s] Level 1:colcon.colcon_core.package_identification:_identify(.) by extension 'ignore'
[0.796s] Level 1:colcon.colcon_core.package_identification:_identify(.) by extension 'ignore_ament_install'
[0.796s] Level 1:colcon.colcon_core.package_identification:_identify(.) by extensions ['colcon_pkg']
[0.796s] Level 1:colcon.colcon_core.package_identification:_identify(.) by extension 'colcon_pkg'
[0.796s] Level 1:colcon.colcon_core.package_identification:_identify(.) by extensions ['colcon_meta']
[0.796s] Level 1:colcon.colcon_core.package_identification:_identify(.) by extension 'colcon_meta'
[0.796s] Level 1:colcon.colcon_core.package_identification:_identify(.) by extensions ['ros']
[0.796s] Level 1:colcon.colcon_core.package_identification:_identify(.) by extension 'ros'
[0.838s] DEBUG:colcon.colcon_core.package_identification:Package '.' with type 'ros.ament_cmake' and name 'mobile_table'
[0.838s] Level 1:colcon.colcon_core.package_discovery:discover_packages(recursive) using defaults
[0.838s] Level 1:colcon.colcon_core.package_discovery:discover_packages(ignore) discover
[0.838s] Level 1:colcon.colcon_core.package_discovery:discover_packages(ignore) using defaults
[0.838s] Level 1:colcon.colcon_core.package_discovery:discover_packages(path) discover
[0.838s] Level 1:colcon.colcon_core.package_discovery:discover_packages(path) using defaults
[0.881s] Level 1:colcon.colcon_core.package_discovery:discover_packages(prefix_path) check parameters
[0.881s] Level 1:colcon.colcon_core.package_discovery:discover_packages(prefix_path) discover
[0.883s] DEBUG:colcon.colcon_installed_package_information.package_discovery:Found 1 installed packages in /home/rodrigo/dev_ws/install
[0.885s] DEBUG:colcon.colcon_installed_package_information.package_discovery:Found 384 installed packages in /opt/ros/humble
[0.888s] Level 1:colcon.colcon_core.package_discovery:discover_packages(prefix_path) using defaults
[0.951s] Level 5:colcon.colcon_core.verb:set package 'mobile_table' build argument 'cmake_args' from command line to 'None'
[0.951s] Level 5:colcon.colcon_core.verb:set package 'mobile_table' build argument 'cmake_target' from command line to 'None'
[0.951s] Level 5:colcon.colcon_core.verb:set package 'mobile_table' build argument 'cmake_target_skip_unavailable' from command line to 'False'
[0.951s] Level 5:colcon.colcon_core.verb:set package 'mobile_table' build argument 'cmake_clean_cache' from command line to 'False'
[0.951s] Level 5:colcon.colcon_core.verb:set package 'mobile_table' build argument 'cmake_clean_first' from command line to 'False'
[0.951s] Level 5:colcon.colcon_core.verb:set package 'mobile_table' build argument 'cmake_force_configure' from command line to 'False'
[0.951s] Level 5:colcon.colcon_core.verb:set package 'mobile_table' build argument 'ament_cmake_args' from command line to 'None'
[0.951s] Level 5:colcon.colcon_core.verb:set package 'mobile_table' build argument 'catkin_cmake_args' from command line to 'None'
[0.951s] Level 5:colcon.colcon_core.verb:set package 'mobile_table' build argument 'catkin_skip_building_tests' from command line to 'False'
[0.951s] DEBUG:colcon.colcon_core.verb:Building package 'mobile_table' with the following arguments: {'ament_cmake_args': None, 'build_base': '/home/rodrigo/dev_ws/src/mobile_table/build/mobile_table', 'catkin_cmake_args': None, 'catkin_skip_building_tests': False, 'cmake_args': None, 'cmake_clean_cache': False, 'cmake_clean_first': False, 'cmake_force_configure': False, 'cmake_target': None, 'cmake_target_skip_unavailable': False, 'install_base': '/home/rodrigo/dev_ws/src/mobile_table/install/mobile_table', 'merge_install': False, 'path': '/home/rodrigo/dev_ws/src/mobile_table', 'symlink_install': True, 'test_result_base': None}
[0.951s] INFO:colcon.colcon_core.executor:Executing jobs using 'parallel' executor
[0.952s] DEBUG:colcon.colcon_parallel_executor.executor.parallel:run_until_complete
[0.952s] INFO:colcon.colcon_ros.task.ament_cmake.build:Building ROS package in '/home/rodrigo/dev_ws/src/mobile_table' with build type 'ament_cmake'
[0.953s] INFO:colcon.colcon_cmake.task.cmake.build:Building CMake package in '/home/rodrigo/dev_ws/src/mobile_table'
[0.957s] INFO:colcon.colcon_core.plugin_system:Skipping extension 'colcon_core.shell.bat': Not used on non-Windows systems
[0.958s] INFO:colcon.colcon_core.shell:Skip shell extension 'powershell' for command environment: Not usable outside of PowerShell
[0.958s] DEBUG:colcon.colcon_core.shell:Skip shell extension 'dsv' for command environment
[0.975s] DEBUG:colcon.colcon_core.event_handler.log_command:Invoking command in '/home/rodrigo/dev_ws/src/mobile_table/build/mobile_table': CMAKE_PREFIX_PATH=${CMAKE_PREFIX_PATH}:/opt/ros/humble /usr/bin/cmake /home/rodrigo/dev_ws/src/mobile_table -DAMENT_CMAKE_SYMLINK_INSTALL=1 -DCMAKE_INSTALL_PREFIX=/home/rodrigo/dev_ws/src/mobile_table/install/mobile_table
[3.744s] DEBUG:colcon.colcon_core.event_handler.log_command:Invoked command in '/home/rodrigo/dev_ws/src/mobile_table/build/mobile_table' returned '0': CMAKE_PREFIX_PATH=${CMAKE_PREFIX_PATH}:/opt/ros/humble /usr/bin/cmake /home/rodrigo/dev_ws/src/mobile_table -DAMENT_CMAKE_SYMLINK_INSTALL=1 -DCMAKE_INSTALL_PREFIX=/home/rodrigo/dev_ws/src/mobile_table/install/mobile_table
[3.745s] DEBUG:colcon.colcon_core.event_handler.log_command:Invoking command in '/home/rodrigo/dev_ws/src/mobile_table/build/mobile_table': CMAKE_PREFIX_PATH=${CMAKE_PREFIX_PATH}:/opt/ros/humble /usr/bin/cmake --build /home/rodrigo/dev_ws/src/mobile_table/build/mobile_table -- -j2 -l2
[3.828s] DEBUG:colcon.colcon_core.event_handler.log_command:Invoked command in '/home/rodrigo/dev_ws/src/mobile_table/build/mobile_table' returned '0': CMAKE_PREFIX_PATH=${CMAKE_PREFIX_PATH}:/opt/ros/humble /usr/bin/cmake --build /home/rodrigo/dev_ws/src/mobile_table/build/mobile_table -- -j2 -l2
[3.845s] DEBUG:colcon.colcon_core.event_handler.log_command:Invoking command in '/home/rodrigo/dev_ws/src/mobile_table/build/mobile_table': CMAKE_PREFIX_PATH=${CMAKE_PREFIX_PATH}:/opt/ros/humble /usr/bin/cmake --install /home/rodrigo/dev_ws/src/mobile_table/build/mobile_table
[4.390s] Level 1:colcon.colcon_core.environment:create_environment_scripts_only(mobile_table)
[4.391s] DEBUG:colcon.colcon_core.event_handler.log_command:Invoked command in '/home/rodrigo/dev_ws/src/mobile_table/build/mobile_table' returned '0': CMAKE_PREFIX_PATH=${CMAKE_PREFIX_PATH}:/opt/ros/humble /usr/bin/cmake --install /home/rodrigo/dev_ws/src/mobile_table/build/mobile_table
[4.394s] Level 1:colcon.colcon_core.environment:checking '/home/rodrigo/dev_ws/src/mobile_table/install/mobile_table' for CMake module files
[4.394s] Level 1:colcon.colcon_core.environment:checking '/home/rodrigo/dev_ws/src/mobile_table/install/mobile_table' for CMake config files
[4.395s] Level 1:colcon.colcon_core.shell:create_environment_hook('mobile_table', 'cmake_prefix_path')
[4.396s] INFO:colcon.colcon_core.shell:Creating environment hook '/home/rodrigo/dev_ws/src/mobile_table/install/mobile_table/share/mobile_table/hook/cmake_prefix_path.ps1'
[4.397s] INFO:colcon.colcon_core.shell:Creating environment descriptor '/home/rodrigo/dev_ws/src/mobile_table/install/mobile_table/share/mobile_table/hook/cmake_prefix_path.dsv'
[4.398s] INFO:colcon.colcon_core.shell:Creating environment hook '/home/rodrigo/dev_ws/src/mobile_table/install/mobile_table/share/mobile_table/hook/cmake_prefix_path.sh'
[4.399s] Level 1:colcon.colcon_core.environment:checking '/home/rodrigo/dev_ws/src/mobile_table/install/mobile_table/bin'
[4.399s] Level 1:colcon.colcon_core.environment:checking '/home/rodrigo/dev_ws/src/mobile_table/install/mobile_table/lib/pkgconfig/mobile_table.pc'
[4.399s] Level 1:colcon.colcon_core.environment:checking '/home/rodrigo/dev_ws/src/mobile_table/install/mobile_table/lib/python3.10/site-packages'
[4.400s] Level 1:colcon.colcon_core.environment:checking '/home/rodrigo/dev_ws/src/mobile_table/install/mobile_table/bin'
[4.400s] INFO:colcon.colcon_core.shell:Creating package script '/home/rodrigo/dev_ws/src/mobile_table/install/mobile_table/share/mobile_table/package.ps1'
[4.401s] INFO:colcon.colcon_core.shell:Creating package descriptor '/home/rodrigo/dev_ws/src/mobile_table/install/mobile_table/share/mobile_table/package.dsv'
[4.401s] INFO:colcon.colcon_core.shell:Creating package script '/home/rodrigo/dev_ws/src/mobile_table/install/mobile_table/share/mobile_table/package.sh'
[4.402s] INFO:colcon.colcon_core.shell:Creating package script '/home/rodrigo/dev_ws/src/mobile_table/install/mobile_table/share/mobile_table/package.bash'
[4.403s] INFO:colcon.colcon_core.shell:Creating package script '/home/rodrigo/dev_ws/src/mobile_table/install/mobile_table/share/mobile_table/package.zsh'
[4.403s] Level 1:colcon.colcon_core.environment:create_file_with_runtime_dependencies(/home/rodrigo/dev_ws/src/mobile_table/install/mobile_table/share/colcon-core/packages/mobile_table)
[4.405s] Level 1:colcon.colcon_core.environment:create_environment_scripts_only(mobile_table)
[4.405s] Level 1:colcon.colcon_core.environment:checking '/home/rodrigo/dev_ws/src/mobile_table/install/mobile_table' for CMake module files
[4.405s] Level 1:colcon.colcon_core.environment:checking '/home/rodrigo/dev_ws/src/mobile_table/install/mobile_table' for CMake config files
[4.406s] Level 1:colcon.colcon_core.shell:create_environment_hook('mobile_table', 'cmake_prefix_path')
[4.406s] INFO:colcon.colcon_core.shell:Creating environment hook '/home/rodrigo/dev_ws/src/mobile_table/install/mobile_table/share/mobile_table/hook/cmake_prefix_path.ps1'
[4.407s] INFO:colcon.colcon_core.shell:Creating environment descriptor '/home/rodrigo/dev_ws/src/mobile_table/install/mobile_table/share/mobile_table/hook/cmake_prefix_path.dsv'
[4.409s] INFO:colcon.colcon_core.shell:Creating environment hook '/home/rodrigo/dev_ws/src/mobile_table/install/mobile_table/share/mobile_table/hook/cmake_prefix_path.sh'
[4.410s] Level 1:colcon.colcon_core.environment:checking '/home/rodrigo/dev_ws/src/mobile_table/install/mobile_table/bin'
[4.410s] Level 1:colcon.colcon_core.environment:checking '/home/rodrigo/dev_ws/src/mobile_table/install/mobile_table/lib/pkgconfig/mobile_table.pc'
[4.411s] Level 1:colcon.colcon_core.environment:checking '/home/rodrigo/dev_ws/src/mobile_table/install/mobile_table/lib/python3.10/site-packages'
[4.412s] Level 1:colcon.colcon_core.environment:checking '/home/rodrigo/dev_ws/src/mobile_table/install/mobile_table/bin'
[4.412s] INFO:colcon.colcon_core.shell:Creating package script '/home/rodrigo/dev_ws/src/mobile_table/install/mobile_table/share/mobile_table/package.ps1'
[4.413s] INFO:colcon.colcon_core.shell:Creating package descriptor '/home/rodrigo/dev_ws/src/mobile_table/install/mobile_table/share/mobile_table/package.dsv'
[4.414s] INFO:colcon.colcon_core.shell:Creating package script '/home/rodrigo/dev_ws/src/mobile_table/install/mobile_table/share/mobile_table/package.sh'
[4.414s] INFO:colcon.colcon_core.shell:Creating package script '/home/rodrigo/dev_ws/src/mobile_table/install/mobile_table/share/mobile_table/package.bash'
[4.415s] INFO:colcon.colcon_core.shell:Creating package script '/home/rodrigo/dev_ws/src/mobile_table/install/mobile_table/share/mobile_table/package.zsh'
[4.416s] Level 1:colcon.colcon_core.environment:create_file_with_runtime_dependencies(/home/rodrigo/dev_ws/src/mobile_table/install/mobile_table/share/colcon-core/packages/mobile_table)
[4.417s] DEBUG:colcon.colcon_parallel_executor.executor.parallel:closing loop
[4.417s] DEBUG:colcon.colcon_parallel_executor.executor.parallel:loop closed
[4.417s] DEBUG:colcon.colcon_parallel_executor.executor.parallel:run_until_complete finished with '0'
[4.417s] DEBUG:colcon.colcon_core.event_reactor:joining thread
[4.430s] INFO:colcon.colcon_core.plugin_system:Skipping extension 'colcon_notification.desktop_notification.terminal_notifier': Not used on non-Darwin systems
[4.430s] INFO:colcon.colcon_core.plugin_system:Skipping extension 'colcon_notification.desktop_notification.win32': Not used on non-Windows systems
[4.430s] INFO:colcon.colcon_notification.desktop_notification:Sending desktop notification using 'notify2'
[4.473s] DEBUG:colcon.colcon_core.event_reactor:joined thread
[4.474s] INFO:colcon.colcon_core.shell:Creating prefix script '/home/rodrigo/dev_ws/src/mobile_table/install/local_setup.ps1'
[4.478s] INFO:colcon.colcon_core.shell:Creating prefix util module '/home/rodrigo/dev_ws/src/mobile_table/install/_local_setup_util_ps1.py'
[4.481s] INFO:colcon.colcon_core.shell:Creating prefix chain script '/home/rodrigo/dev_ws/src/mobile_table/install/setup.ps1'
[4.484s] INFO:colcon.colcon_core.shell:Creating prefix script '/home/rodrigo/dev_ws/src/mobile_table/install/local_setup.sh'
[4.486s] INFO:colcon.colcon_core.shell:Creating prefix util module '/home/rodrigo/dev_ws/src/mobile_table/install/_local_setup_util_sh.py'
[4.493s] INFO:colcon.colcon_core.shell:Creating prefix chain script '/home/rodrigo/dev_ws/src/mobile_table/install/setup.sh'
[4.506s] INFO:colcon.colcon_core.shell:Creating prefix script '/home/rodrigo/dev_ws/src/mobile_table/install/local_setup.bash'
[4.511s] INFO:colcon.colcon_core.shell:Creating prefix chain script '/home/rodrigo/dev_ws/src/mobile_table/install/setup.bash'
[4.515s] INFO:colcon.colcon_core.shell:Creating prefix script '/home/rodrigo/dev_ws/src/mobile_table/install/local_setup.zsh'
[4.516s] INFO:colcon.colcon_core.shell:Creating prefix chain script '/home/rodrigo/dev_ws/src/mobile_table/install/setup.zsh'
