[0.498s] DEBUG:colcon:Command line arguments: ['/usr/bin/colcon', 'build', '--symlink-install']
[0.498s] DEBUG:colcon:Parsed command line arguments: Namespace(log_base=None, log_level=None, verb_name='build', build_base='build', install_base='install', merge_install=False, symlink_install=True, test_result_base=None, continue_on_error=False, executor='parallel', parallel_workers=2, event_handlers=None, ignore_user_meta=False, metas=['./colcon.meta'], base_paths=['.'], packages_ignore=None, packages_ignore_regex=None, paths=None, packages_up_to=None, packages_up_to_regex=None, packages_above=None, packages_above_and_dependencies=None, packages_above_depth=None, packages_select_by_dep=None, packages_skip_by_dep=None, packages_skip_up_to=None, packages_select_build_failed=False, packages_skip_build_finished=False, packages_select_test_failures=False, packages_skip_test_passed=False, packages_select=None, packages_skip=None, packages_select_regex=None, packages_skip_regex=None, packages_start=None, packages_end=None, allow_overriding=[], cmake_args=None, cmake_target=None, cmake_target_skip_unavailable=False, cmake_clean_cache=False, cmake_clean_first=False, cmake_force_configure=False, ament_cmake_args=None, catkin_cmake_args=None, catkin_skip_building_tests=False, mixin_files=None, mixin=None, verb_parser=<colcon_mixin.mixin.mixin_argument.MixinArgumentDecorator object at 0x753083826020>, verb_extension=<colcon_core.verb.build.BuildVerb object at 0x753083976fe0>, main=<bound method BuildVerb.main of <colcon_core.verb.build.BuildVerb object at 0x753083976fe0>>, mixin_verb=('build',))
[0.940s] Level 1:colcon.colcon_core.package_discovery:discover_packages(colcon_meta) check parameters
[0.941s] Level 1:colcon.colcon_core.package_discovery:discover_packages(recursive) check parameters
[0.941s] Level 1:colcon.colcon_core.package_discovery:discover_packages(ignore) check parameters
[0.941s] Level 1:colcon.colcon_core.package_discovery:discover_packages(path) check parameters
[0.941s] Level 1:colcon.colcon_core.package_discovery:discover_packages(colcon_meta) discover
[0.942s] Level 1:colcon.colcon_core.package_discovery:discover_packages(recursive) discover
[0.942s] INFO:colcon.colcon_core.package_discovery:Crawling recursively for packages in '/home/rodrigo/dev_ws/src/mobile_table'
[0.944s] Level 1:colcon.colcon_core.package_identification:_identify(.) by extensions ['ignore', 'ignore_ament_install']
[0.945s] Level 1:colcon.colcon_core.package_identification:_identify(.) by extension 'ignore'
[0.945s] Level 1:colcon.colcon_core.package_identification:_identify(.) by extension 'ignore_ament_install'
[0.945s] Level 1:colcon.colcon_core.package_identification:_identify(.) by extensions ['colcon_pkg']
[0.945s] Level 1:colcon.colcon_core.package_identification:_identify(.) by extension 'colcon_pkg'
[0.945s] Level 1:colcon.colcon_core.package_identification:_identify(.) by extensions ['colcon_meta']
[0.945s] Level 1:colcon.colcon_core.package_identification:_identify(.) by extension 'colcon_meta'
[0.945s] Level 1:colcon.colcon_core.package_identification:_identify(.) by extensions ['ros']
[0.945s] Level 1:colcon.colcon_core.package_identification:_identify(.) by extension 'ros'
[0.998s] DEBUG:colcon.colcon_core.package_identification:Package '.' with type 'ros.ament_cmake' and name 'mobile_table'
[0.998s] Level 1:colcon.colcon_core.package_discovery:discover_packages(recursive) using defaults
[0.999s] Level 1:colcon.colcon_core.package_discovery:discover_packages(ignore) discover
[0.999s] Level 1:colcon.colcon_core.package_discovery:discover_packages(ignore) using defaults
[0.999s] Level 1:colcon.colcon_core.package_discovery:discover_packages(path) discover
[0.999s] Level 1:colcon.colcon_core.package_discovery:discover_packages(path) using defaults
[1.143s] Level 1:colcon.colcon_core.package_discovery:discover_packages(prefix_path) check parameters
[1.144s] Level 1:colcon.colcon_core.package_discovery:discover_packages(prefix_path) discover
[1.158s] DEBUG:colcon.colcon_installed_package_information.package_discovery:Found 1 installed packages in /home/rodrigo/dev_ws/src/mobile_table/install
[1.162s] DEBUG:colcon.colcon_installed_package_information.package_discovery:Found 1 installed packages in /home/rodrigo/dev_ws/install
[1.169s] DEBUG:colcon.colcon_installed_package_information.package_discovery:Found 384 installed packages in /opt/ros/humble
[1.182s] Level 1:colcon.colcon_core.package_discovery:discover_packages(prefix_path) using defaults
[1.357s] Level 5:colcon.colcon_core.verb:set package 'mobile_table' build argument 'cmake_args' from command line to 'None'
[1.358s] Level 5:colcon.colcon_core.verb:set package 'mobile_table' build argument 'cmake_target' from command line to 'None'
[1.358s] Level 5:colcon.colcon_core.verb:set package 'mobile_table' build argument 'cmake_target_skip_unavailable' from command line to 'False'
[1.358s] Level 5:colcon.colcon_core.verb:set package 'mobile_table' build argument 'cmake_clean_cache' from command line to 'False'
[1.358s] Level 5:colcon.colcon_core.verb:set package 'mobile_table' build argument 'cmake_clean_first' from command line to 'False'
[1.358s] Level 5:colcon.colcon_core.verb:set package 'mobile_table' build argument 'cmake_force_configure' from command line to 'False'
[1.358s] Level 5:colcon.colcon_core.verb:set package 'mobile_table' build argument 'ament_cmake_args' from command line to 'None'
[1.358s] Level 5:colcon.colcon_core.verb:set package 'mobile_table' build argument 'catkin_cmake_args' from command line to 'None'
[1.358s] Level 5:colcon.colcon_core.verb:set package 'mobile_table' build argument 'catkin_skip_building_tests' from command line to 'False'
[1.358s] DEBUG:colcon.colcon_core.verb:Building package 'mobile_table' with the following arguments: {'ament_cmake_args': None, 'build_base': '/home/rodrigo/dev_ws/src/mobile_table/build/mobile_table', 'catkin_cmake_args': None, 'catkin_skip_building_tests': False, 'cmake_args': None, 'cmake_clean_cache': False, 'cmake_clean_first': False, 'cmake_force_configure': False, 'cmake_target': None, 'cmake_target_skip_unavailable': False, 'install_base': '/home/rodrigo/dev_ws/src/mobile_table/install/mobile_table', 'merge_install': False, 'path': '/home/rodrigo/dev_ws/src/mobile_table', 'symlink_install': True, 'test_result_base': None}
[1.358s] INFO:colcon.colcon_core.executor:Executing jobs using 'parallel' executor
[1.360s] DEBUG:colcon.colcon_parallel_executor.executor.parallel:run_until_complete
[1.361s] INFO:colcon.colcon_ros.task.ament_cmake.build:Building ROS package in '/home/rodrigo/dev_ws/src/mobile_table' with build type 'ament_cmake'
[1.361s] INFO:colcon.colcon_cmake.task.cmake.build:Building CMake package in '/home/rodrigo/dev_ws/src/mobile_table'
[1.366s] INFO:colcon.colcon_core.plugin_system:Skipping extension 'colcon_core.shell.bat': Not used on non-Windows systems
[1.367s] INFO:colcon.colcon_core.shell:Skip shell extension 'powershell' for command environment: Not usable outside of PowerShell
[1.367s] DEBUG:colcon.colcon_core.shell:Skip shell extension 'dsv' for command environment
[1.428s] DEBUG:colcon.colcon_core.event_handler.log_command:Invoking command in '/home/rodrigo/dev_ws/src/mobile_table/build/mobile_table': CMAKE_PREFIX_PATH=${CMAKE_PREFIX_PATH}:/opt/ros/humble /usr/bin/cmake --build /home/rodrigo/dev_ws/src/mobile_table/build/mobile_table -- -j2 -l2
[1.654s] DEBUG:colcon.colcon_core.event_handler.log_command:Invoked command in '/home/rodrigo/dev_ws/src/mobile_table/build/mobile_table' returned '0': CMAKE_PREFIX_PATH=${CMAKE_PREFIX_PATH}:/opt/ros/humble /usr/bin/cmake --build /home/rodrigo/dev_ws/src/mobile_table/build/mobile_table -- -j2 -l2
[1.671s] DEBUG:colcon.colcon_core.event_handler.log_command:Invoking command in '/home/rodrigo/dev_ws/src/mobile_table/build/mobile_table': CMAKE_PREFIX_PATH=${CMAKE_PREFIX_PATH}:/opt/ros/humble /usr/bin/cmake --install /home/rodrigo/dev_ws/src/mobile_table/build/mobile_table
[1.750s] Level 1:colcon.colcon_core.environment:create_environment_scripts_only(mobile_table)
[1.752s] DEBUG:colcon.colcon_core.event_handler.log_command:Invoked command in '/home/rodrigo/dev_ws/src/mobile_table/build/mobile_table' returned '0': CMAKE_PREFIX_PATH=${CMAKE_PREFIX_PATH}:/opt/ros/humble /usr/bin/cmake --install /home/rodrigo/dev_ws/src/mobile_table/build/mobile_table
[1.754s] Level 1:colcon.colcon_core.environment:checking '/home/rodrigo/dev_ws/src/mobile_table/install/mobile_table' for CMake module files
[1.755s] Level 1:colcon.colcon_core.environment:checking '/home/rodrigo/dev_ws/src/mobile_table/install/mobile_table' for CMake config files
[1.755s] Level 1:colcon.colcon_core.shell:create_environment_hook('mobile_table', 'cmake_prefix_path')
[1.755s] INFO:colcon.colcon_core.shell:Creating environment hook '/home/rodrigo/dev_ws/src/mobile_table/install/mobile_table/share/mobile_table/hook/cmake_prefix_path.ps1'
[1.756s] INFO:colcon.colcon_core.shell:Creating environment descriptor '/home/rodrigo/dev_ws/src/mobile_table/install/mobile_table/share/mobile_table/hook/cmake_prefix_path.dsv'
[1.757s] INFO:colcon.colcon_core.shell:Creating environment hook '/home/rodrigo/dev_ws/src/mobile_table/install/mobile_table/share/mobile_table/hook/cmake_prefix_path.sh'
[1.758s] Level 1:colcon.colcon_core.environment:checking '/home/rodrigo/dev_ws/src/mobile_table/install/mobile_table/bin'
[1.759s] Level 1:colcon.colcon_core.environment:checking '/home/rodrigo/dev_ws/src/mobile_table/install/mobile_table/lib/pkgconfig/mobile_table.pc'
[1.759s] Level 1:colcon.colcon_core.environment:checking '/home/rodrigo/dev_ws/src/mobile_table/install/mobile_table/lib/python3.10/site-packages'
[1.759s] Level 1:colcon.colcon_core.environment:checking '/home/rodrigo/dev_ws/src/mobile_table/install/mobile_table/bin'
[1.760s] INFO:colcon.colcon_core.shell:Creating package script '/home/rodrigo/dev_ws/src/mobile_table/install/mobile_table/share/mobile_table/package.ps1'
[1.762s] INFO:colcon.colcon_core.shell:Creating package descriptor '/home/rodrigo/dev_ws/src/mobile_table/install/mobile_table/share/mobile_table/package.dsv'
[1.762s] INFO:colcon.colcon_core.shell:Creating package script '/home/rodrigo/dev_ws/src/mobile_table/install/mobile_table/share/mobile_table/package.sh'
[1.763s] INFO:colcon.colcon_core.shell:Creating package script '/home/rodrigo/dev_ws/src/mobile_table/install/mobile_table/share/mobile_table/package.bash'
[1.764s] INFO:colcon.colcon_core.shell:Creating package script '/home/rodrigo/dev_ws/src/mobile_table/install/mobile_table/share/mobile_table/package.zsh'
[1.766s] Level 1:colcon.colcon_core.environment:create_file_with_runtime_dependencies(/home/rodrigo/dev_ws/src/mobile_table/install/mobile_table/share/colcon-core/packages/mobile_table)
[1.766s] Level 1:colcon.colcon_core.environment:create_environment_scripts_only(mobile_table)
[1.767s] Level 1:colcon.colcon_core.environment:checking '/home/rodrigo/dev_ws/src/mobile_table/install/mobile_table' for CMake module files
[1.767s] Level 1:colcon.colcon_core.environment:checking '/home/rodrigo/dev_ws/src/mobile_table/install/mobile_table' for CMake config files
[1.768s] Level 1:colcon.colcon_core.shell:create_environment_hook('mobile_table', 'cmake_prefix_path')
[1.768s] INFO:colcon.colcon_core.shell:Creating environment hook '/home/rodrigo/dev_ws/src/mobile_table/install/mobile_table/share/mobile_table/hook/cmake_prefix_path.ps1'
[1.769s] INFO:colcon.colcon_core.shell:Creating environment descriptor '/home/rodrigo/dev_ws/src/mobile_table/install/mobile_table/share/mobile_table/hook/cmake_prefix_path.dsv'
[1.770s] INFO:colcon.colcon_core.shell:Creating environment hook '/home/rodrigo/dev_ws/src/mobile_table/install/mobile_table/share/mobile_table/hook/cmake_prefix_path.sh'
[1.770s] Level 1:colcon.colcon_core.environment:checking '/home/rodrigo/dev_ws/src/mobile_table/install/mobile_table/bin'
[1.770s] Level 1:colcon.colcon_core.environment:checking '/home/rodrigo/dev_ws/src/mobile_table/install/mobile_table/lib/pkgconfig/mobile_table.pc'
[1.771s] Level 1:colcon.colcon_core.environment:checking '/home/rodrigo/dev_ws/src/mobile_table/install/mobile_table/lib/python3.10/site-packages'
[1.771s] Level 1:colcon.colcon_core.environment:checking '/home/rodrigo/dev_ws/src/mobile_table/install/mobile_table/bin'
[1.771s] INFO:colcon.colcon_core.shell:Creating package script '/home/rodrigo/dev_ws/src/mobile_table/install/mobile_table/share/mobile_table/package.ps1'
[1.772s] INFO:colcon.colcon_core.shell:Creating package descriptor '/home/rodrigo/dev_ws/src/mobile_table/install/mobile_table/share/mobile_table/package.dsv'
[1.773s] INFO:colcon.colcon_core.shell:Creating package script '/home/rodrigo/dev_ws/src/mobile_table/install/mobile_table/share/mobile_table/package.sh'
[1.774s] INFO:colcon.colcon_core.shell:Creating package script '/home/rodrigo/dev_ws/src/mobile_table/install/mobile_table/share/mobile_table/package.bash'
[1.774s] INFO:colcon.colcon_core.shell:Creating package script '/home/rodrigo/dev_ws/src/mobile_table/install/mobile_table/share/mobile_table/package.zsh'
[1.775s] Level 1:colcon.colcon_core.environment:create_file_with_runtime_dependencies(/home/rodrigo/dev_ws/src/mobile_table/install/mobile_table/share/colcon-core/packages/mobile_table)
[1.775s] DEBUG:colcon.colcon_parallel_executor.executor.parallel:closing loop
[1.775s] DEBUG:colcon.colcon_parallel_executor.executor.parallel:loop closed
[1.775s] DEBUG:colcon.colcon_parallel_executor.executor.parallel:run_until_complete finished with '0'
[1.776s] DEBUG:colcon.colcon_core.event_reactor:joining thread
[1.788s] INFO:colcon.colcon_core.plugin_system:Skipping extension 'colcon_notification.desktop_notification.terminal_notifier': Not used on non-Darwin systems
[1.788s] INFO:colcon.colcon_core.plugin_system:Skipping extension 'colcon_notification.desktop_notification.win32': Not used on non-Windows systems
[1.788s] INFO:colcon.colcon_notification.desktop_notification:Sending desktop notification using 'notify2'
[1.902s] DEBUG:colcon.colcon_core.event_reactor:joined thread
[1.905s] INFO:colcon.colcon_core.shell:Creating prefix script '/home/rodrigo/dev_ws/src/mobile_table/install/local_setup.ps1'
[1.910s] INFO:colcon.colcon_core.shell:Creating prefix util module '/home/rodrigo/dev_ws/src/mobile_table/install/_local_setup_util_ps1.py'
[1.922s] INFO:colcon.colcon_core.shell:Creating prefix chain script '/home/rodrigo/dev_ws/src/mobile_table/install/setup.ps1'
[1.930s] INFO:colcon.colcon_core.shell:Creating prefix script '/home/rodrigo/dev_ws/src/mobile_table/install/local_setup.sh'
[1.933s] INFO:colcon.colcon_core.shell:Creating prefix util module '/home/rodrigo/dev_ws/src/mobile_table/install/_local_setup_util_sh.py'
[1.935s] INFO:colcon.colcon_core.shell:Creating prefix chain script '/home/rodrigo/dev_ws/src/mobile_table/install/setup.sh'
[1.940s] INFO:colcon.colcon_core.shell:Creating prefix script '/home/rodrigo/dev_ws/src/mobile_table/install/local_setup.bash'
[1.941s] INFO:colcon.colcon_core.shell:Creating prefix chain script '/home/rodrigo/dev_ws/src/mobile_table/install/setup.bash'
[1.943s] INFO:colcon.colcon_core.shell:Creating prefix script '/home/rodrigo/dev_ws/src/mobile_table/install/local_setup.zsh'
[1.944s] INFO:colcon.colcon_core.shell:Creating prefix chain script '/home/rodrigo/dev_ws/src/mobile_table/install/setup.zsh'
