[0.021s] Invoking command in '/home/rodrigo/dev_ws/src/mobile_table/build/mobile_table': CMAKE_PREFIX_PATH=${CMAKE_PREFIX_PATH}:/opt/ros/humble /usr/bin/cmake /home/rodrigo/dev_ws/src/mobile_table -DAMENT_CMAKE_SYMLINK_INSTALL=1 -DCMAKE_INSTALL_PREFIX=/home/rodrigo/dev_ws/src/mobile_table/install/mobile_table
[0.793s] -- The C compiler identification is GNU 11.4.0
[1.123s] -- The CXX compiler identification is GNU 11.4.0
[1.168s] -- Detecting C compiler ABI info
[1.470s] -- Detecting C compiler ABI info - done
[1.502s] -- Check for working C compiler: /usr/bin/cc - skipped
[1.505s] -- Detecting C compile features
[1.508s] -- Detecting C compile features - done
[1.516s] -- Detecting CXX compiler ABI info
[1.738s] -- Detecting CXX compiler ABI info - done
[1.754s] -- Check for working CXX compiler: /usr/bin/c++ - skipped
[1.755s] -- Detecting CXX compile features
[1.755s] -- Detecting CXX compile features - done
[1.777s] -- Found ament_cmake: 1.3.11 (/opt/ros/humble/share/ament_cmake/cmake)
[2.174s] -- Found Python3: /usr/bin/python3 (found version "3.10.12") found components: Interpreter 
[2.323s] -- Override CMake install command with custom implementation using symlinks instead of copying resources
[2.414s] -- Found ament_lint_auto: 0.12.12 (/opt/ros/humble/share/ament_lint_auto/cmake)
[2.630s] -- Added test 'copyright' to check source files copyright and LICENSE
[2.661s] -- Added test 'cppcheck' to perform static code analysis on C / C++ code
[2.662s] -- Configured cppcheck include dirs: 
[2.662s] -- Configured cppcheck exclude dirs and/or files: 
[2.684s] -- Added test 'cpplint' to check C / C++ code against the Google style
[2.684s] -- Configured cpplint exclude dirs and/or files: 
[2.692s] -- Added test 'flake8' to check Python code syntax and style conventions
[2.710s] -- Added test 'lint_cmake' to check CMake code style
[2.717s] -- Added test 'pep257' to check Python code against some of the docstring style conventions in PEP 257
[2.738s] -- Added test 'uncrustify' to check C / C++ code style
[2.739s] -- Configured uncrustify additional arguments: 
[2.743s] -- Added test 'xmllint' to check XML markup files
[2.750s] -- Configuring done
[2.767s] -- Generating done
[2.776s] -- Build files have been written to: /home/rodrigo/dev_ws/src/mobile_table/build/mobile_table
[2.790s] Invoked command in '/home/rodrigo/dev_ws/src/mobile_table/build/mobile_table' returned '0': CMAKE_PREFIX_PATH=${CMAKE_PREFIX_PATH}:/opt/ros/humble /usr/bin/cmake /home/rodrigo/dev_ws/src/mobile_table -DAMENT_CMAKE_SYMLINK_INSTALL=1 -DCMAKE_INSTALL_PREFIX=/home/rodrigo/dev_ws/src/mobile_table/install/mobile_table
[2.791s] Invoking command in '/home/rodrigo/dev_ws/src/mobile_table/build/mobile_table': CMAKE_PREFIX_PATH=${CMAKE_PREFIX_PATH}:/opt/ros/humble /usr/bin/cmake --build /home/rodrigo/dev_ws/src/mobile_table/build/mobile_table -- -j2 -l2
[2.874s] Invoked command in '/home/rodrigo/dev_ws/src/mobile_table/build/mobile_table' returned '0': CMAKE_PREFIX_PATH=${CMAKE_PREFIX_PATH}:/opt/ros/humble /usr/bin/cmake --build /home/rodrigo/dev_ws/src/mobile_table/build/mobile_table -- -j2 -l2
[2.891s] Invoking command in '/home/rodrigo/dev_ws/src/mobile_table/build/mobile_table': CMAKE_PREFIX_PATH=${CMAKE_PREFIX_PATH}:/opt/ros/humble /usr/bin/cmake --install /home/rodrigo/dev_ws/src/mobile_table/build/mobile_table
[2.917s] -- Install configuration: ""
[2.917s] -- Execute custom install script
[2.920s] -- Symlinking: /home/rodrigo/dev_ws/src/mobile_table/install/mobile_table/share/mobile_table/config/empty.yaml
[2.931s] -- Symlinking: /home/rodrigo/dev_ws/src/mobile_table/install/mobile_table/share/mobile_table/config/gaz_ros2_ctl_use_sim.yaml
[2.948s] -- Symlinking: /home/rodrigo/dev_ws/src/mobile_table/install/mobile_table/share/mobile_table/config/gz_bridge.yaml
[2.970s] -- Symlinking: /home/rodrigo/dev_ws/src/mobile_table/install/mobile_table/share/mobile_table/config/joystick.yaml
[2.983s] -- Symlinking: /home/rodrigo/dev_ws/src/mobile_table/install/mobile_table/share/mobile_table/config/my_controllers.yaml
[3.005s] -- Symlinking: /home/rodrigo/dev_ws/src/mobile_table/install/mobile_table/share/mobile_table/config/view_bot.rviz
[3.016s] -- Symlinking: /home/rodrigo/dev_ws/src/mobile_table/install/mobile_table/share/mobile_table/description/gazebo_control.xacro
[3.030s] -- Symlinking: /home/rodrigo/dev_ws/src/mobile_table/install/mobile_table/share/mobile_table/description/inertial_macros.xacro
[3.043s] -- Symlinking: /home/rodrigo/dev_ws/src/mobile_table/install/mobile_table/share/mobile_table/description/lidar.xacro
[3.054s] -- Symlinking: /home/rodrigo/dev_ws/src/mobile_table/install/mobile_table/share/mobile_table/description/robot.urdf.xacro
[3.066s] -- Symlinking: /home/rodrigo/dev_ws/src/mobile_table/install/mobile_table/share/mobile_table/description/robot_core.xacro
[3.078s] -- Symlinking: /home/rodrigo/dev_ws/src/mobile_table/install/mobile_table/share/mobile_table/description/ros2_control.xacro
[3.090s] -- Symlinking: /home/rodrigo/dev_ws/src/mobile_table/install/mobile_table/share/mobile_table/launch/joystick.launch.py
[3.100s] -- Symlinking: /home/rodrigo/dev_ws/src/mobile_table/install/mobile_table/share/mobile_table/launch/launch_robot.launch.py
[3.127s] -- Symlinking: /home/rodrigo/dev_ws/src/mobile_table/install/mobile_table/share/mobile_table/launch/launch_sim.launch.py
[3.142s] -- Symlinking: /home/rodrigo/dev_ws/src/mobile_table/install/mobile_table/share/mobile_table/launch/rplidar.launch.py
[3.151s] -- Symlinking: /home/rodrigo/dev_ws/src/mobile_table/install/mobile_table/share/mobile_table/launch/rsp.launch.py
[3.160s] -- Symlinking: /home/rodrigo/dev_ws/src/mobile_table/install/mobile_table/share/mobile_table/worlds/empty.world
[3.170s] -- Symlinking: /home/rodrigo/dev_ws/src/mobile_table/install/mobile_table/share/ament_index/resource_index/package_run_dependencies/mobile_table
[3.180s] -- Symlinking: /home/rodrigo/dev_ws/src/mobile_table/install/mobile_table/share/ament_index/resource_index/parent_prefix_path/mobile_table
[3.195s] -- Symlinking: /home/rodrigo/dev_ws/src/mobile_table/install/mobile_table/share/mobile_table/environment/ament_prefix_path.sh
[3.222s] -- Symlinking: /home/rodrigo/dev_ws/src/mobile_table/install/mobile_table/share/mobile_table/environment/ament_prefix_path.dsv
[3.243s] -- Symlinking: /home/rodrigo/dev_ws/src/mobile_table/install/mobile_table/share/mobile_table/environment/path.sh
[3.265s] -- Symlinking: /home/rodrigo/dev_ws/src/mobile_table/install/mobile_table/share/mobile_table/environment/path.dsv
[3.295s] -- Symlinking: /home/rodrigo/dev_ws/src/mobile_table/install/mobile_table/share/mobile_table/local_setup.bash
[3.327s] -- Symlinking: /home/rodrigo/dev_ws/src/mobile_table/install/mobile_table/share/mobile_table/local_setup.sh
[3.337s] -- Symlinking: /home/rodrigo/dev_ws/src/mobile_table/install/mobile_table/share/mobile_table/local_setup.zsh
[3.348s] -- Symlinking: /home/rodrigo/dev_ws/src/mobile_table/install/mobile_table/share/mobile_table/local_setup.dsv
[3.370s] -- Symlinking: /home/rodrigo/dev_ws/src/mobile_table/install/mobile_table/share/mobile_table/package.dsv
[3.370s] -- Symlinking: /home/rodrigo/dev_ws/src/mobile_table/install/mobile_table/share/ament_index/resource_index/packages/mobile_table
[3.379s] -- Symlinking: /home/rodrigo/dev_ws/src/mobile_table/install/mobile_table/share/mobile_table/cmake/mobile_tableConfig.cmake
[3.395s] -- Symlinking: /home/rodrigo/dev_ws/src/mobile_table/install/mobile_table/share/mobile_table/cmake/mobile_tableConfig-version.cmake
[3.417s] -- Symlinking: /home/rodrigo/dev_ws/src/mobile_table/install/mobile_table/share/mobile_table/package.xml
[3.436s] Invoked command in '/home/rodrigo/dev_ws/src/mobile_table/build/mobile_table' returned '0': CMAKE_PREFIX_PATH=${CMAKE_PREFIX_PATH}:/opt/ros/humble /usr/bin/cmake --install /home/rodrigo/dev_ws/src/mobile_table/build/mobile_table
